14.9.2025 21:22:31.525 [VerboseDebug] Entering runphase Initialization
14.9.2025 21:22:31.527 [VerboseDebug] Entering runphase Configuration
14.9.2025 21:22:31.563 [VerboseDebug] Entering runphase LoadAssets
14.9.2025 21:22:31.689 [VerboseDebug] [VSCreativeMod.dll] Check for mod systems in mod D:\games\Vintage Story\Mods\VSCreativeMod.dll
14.9.2025 21:22:31.696 [VerboseDebug] [VSCreativeMod.dll] Selected assembly D:\games\Vintage Story\Mods\VSCreativeMod.dll
14.9.2025 21:22:31.697 [VerboseDebug] [VSEssentials.dll] Check for mod systems in mod D:\games\Vintage Story\Mods\VSEssentials.dll
14.9.2025 21:22:31.702 [VerboseDebug] [VSEssentials.dll] Selected assembly D:\games\Vintage Story\Mods\VSEssentials.dll
14.9.2025 21:22:31.709 [VerboseDebug] [VSSurvivalMod.dll] Check for mod systems in mod D:\games\Vintage Story\Mods\VSSurvivalMod.dll
14.9.2025 21:22:31.727 [VerboseDebug] [VSSurvivalMod.dll] Selected assembly D:\games\Vintage Story\Mods\VSSurvivalMod.dll
14.9.2025 21:22:31.851 [VerboseDebug] [overhaullib] Check for mod systems in mod C:\Users\Doos\AppData\Roaming\VintagestoryData\Cache\unpack\overhaullib_1.8.0.zip_5fa8910b32a4\Overhaullib.dll
14.9.2025 21:22:31.857 [VerboseDebug] [overhaullib] Loaded assembly C:\Users\Doos\AppData\Roaming\VintagestoryData\Cache\unpack\overhaullib_1.8.0.zip_5fa8910b32a4\Overhaullib.dll
14.9.2025 21:22:31.857 [VerboseDebug] [sprintmomentum] Check for mod systems in mod C:\Users\Doos\AppData\Roaming\VintagestoryData\Cache\unpack\SprintMomentum_0.1.3.zip_f3bb5788a5bd\SprintMomemtum.dll
14.9.2025 21:22:31.857 [VerboseDebug] [sprintmomentum] Loaded assembly C:\Users\Doos\AppData\Roaming\VintagestoryData\Cache\unpack\SprintMomentum_0.1.3.zip_f3bb5788a5bd\SprintMomemtum.dll
14.9.2025 21:22:31.857 [VerboseDebug] [vsimgui] Check for mod systems in mod C:\Users\Doos\AppData\Roaming\VintagestoryData\Cache\unpack\vsimgui_1.1.12.zip_dc1f2e48ec9b\ImGui.NET.dll, C:\Users\Doos\AppData\Roaming\VintagestoryData\Cache\unpack\vsimgui_1.1.12.zip_dc1f2e48ec9b\ImGuiController_OpenTK.dll, C:\Users\Doos\AppData\Roaming\VintagestoryData\Cache\unpack\vsimgui_1.1.12.zip_dc1f2e48ec9b\ImGuizmo.NET.dll, C:\Users\Doos\AppData\Roaming\VintagestoryData\Cache\unpack\vsimgui_1.1.12.zip_dc1f2e48ec9b\ImNodes.NET.dll, C:\Users\Doos\AppData\Roaming\VintagestoryData\Cache\unpack\vsimgui_1.1.12.zip_dc1f2e48ec9b\ImPlot.NET.dll, C:\Users\Doos\AppData\Roaming\VintagestoryData\Cache\unpack\vsimgui_1.1.12.zip_dc1f2e48ec9b\VSImGui.dll, C:\Users\Doos\AppData\Roaming\VintagestoryData\Cache\unpack\vsimgui_1.1.12.zip_dc1f2e48ec9b\VSImGui_DebugTools.dll
14.9.2025 21:22:31.860 [VerboseDebug] [vsimgui] Loaded assembly C:\Users\Doos\AppData\Roaming\VintagestoryData\Cache\unpack\vsimgui_1.1.12.zip_dc1f2e48ec9b\VSImGui.dll
14.9.2025 21:22:31.860 [VerboseDebug] [bullseyecontinued] Check for mod systems in mod C:\Users\Doos\AppData\Roaming\VintagestoryData\Cache\unpack\bullseyecontinued_3.4.3.zip_4ef8b43e08df\Bullseye.dll
14.9.2025 21:22:31.860 [VerboseDebug] [bullseyecontinued] Loaded assembly C:\Users\Doos\AppData\Roaming\VintagestoryData\Cache\unpack\bullseyecontinued_3.4.3.zip_4ef8b43e08df\Bullseye.dll
14.9.2025 21:22:31.860 [VerboseDebug] [combatoverhaul] Check for mod systems in mod C:\Users\Doos\AppData\Roaming\VintagestoryData\Cache\unpack\combatoverhaul_0.9.3.zip_9bbddc97535c\CombatOverhaul.dll
14.9.2025 21:22:31.860 [VerboseDebug] [combatoverhaul] Loaded assembly C:\Users\Doos\AppData\Roaming\VintagestoryData\Cache\unpack\combatoverhaul_0.9.3.zip_9bbddc97535c\CombatOverhaul.dll
14.9.2025 21:22:31.860 [VerboseDebug] [kemono] Check for mod systems in mod C:\Users\Doos\AppData\Roaming\VintagestoryData\Cache\unpack\kemono_v0.1.7-COFix3.zip_97630e5699f9\kemono.dll
14.9.2025 21:22:31.861 [VerboseDebug] [kemono] Loaded assembly C:\Users\Doos\AppData\Roaming\VintagestoryData\Cache\unpack\kemono_v0.1.7-COFix3.zip_97630e5699f9\kemono.dll
14.9.2025 21:22:31.861 [VerboseDebug] [krpgenchantment] Check for mod systems in mod C:\Users\Doos\AppData\Roaming\VintagestoryData\Cache\unpack\krpgenchantment_1.1.5.zip_dfa7d23c9cd6\krpgenchantment.dll
14.9.2025 21:22:31.862 [VerboseDebug] [krpgenchantment] Loaded assembly C:\Users\Doos\AppData\Roaming\VintagestoryData\Cache\unpack\krpgenchantment_1.1.5.zip_dfa7d23c9cd6\krpgenchantment.dll
14.9.2025 21:22:31.862 [VerboseDebug] [maltiezcrossbows] Check for mod systems in mod C:\Users\Doos\AppData\Roaming\VintagestoryData\Cache\unpack\maltiezcrossbows_1.5.2.zip_dcc6bc5cedae\crossbows.dll
14.9.2025 21:22:31.862 [VerboseDebug] [maltiezcrossbows] Loaded assembly C:\Users\Doos\AppData\Roaming\VintagestoryData\Cache\unpack\maltiezcrossbows_1.5.2.zip_dcc6bc5cedae\crossbows.dll
14.9.2025 21:22:31.862 [VerboseDebug] [maltiezfirearms] Check for mod systems in mod C:\Users\Doos\AppData\Roaming\VintagestoryData\Cache\unpack\maltiezfirearms_1.2.2.zip_a22caed815ba\firearms.dll
14.9.2025 21:22:31.862 [VerboseDebug] [maltiezfirearms] Loaded assembly C:\Users\Doos\AppData\Roaming\VintagestoryData\Cache\unpack\maltiezfirearms_1.2.2.zip_a22caed815ba\firearms.dll
14.9.2025 21:22:31.862 [VerboseDebug] [medievalexpansionpatch] Check for mod systems in mod C:\Users\Doos\AppData\Roaming\VintagestoryData\Cache\unpack\medievalexpansionpatch-1.3.1.zip_1506d7eb5e05\medievalexpansion.dll
14.9.2025 21:22:31.863 [VerboseDebug] [medievalexpansionpatch] Loaded assembly C:\Users\Doos\AppData\Roaming\VintagestoryData\Cache\unpack\medievalexpansionpatch-1.3.1.zip_1506d7eb5e05\medievalexpansion.dll
14.9.2025 21:22:31.863 [VerboseDebug] [partyraid] Check for mod systems in mod C:\Users\Doos\AppData\Roaming\VintagestoryData\Cache\unpack\PartyRaid.zip_9562f48a7286\PartyRaidSystem.dll
14.9.2025 21:22:31.864 [VerboseDebug] [partyraid] Loaded assembly C:\Users\Doos\AppData\Roaming\VintagestoryData\Cache\unpack\PartyRaid.zip_9562f48a7286\PartyRaidSystem.dll
14.9.2025 21:22:31.864 [VerboseDebug] [radialmenu] Check for mod systems in mod C:\Users\Doos\AppData\Roaming\VintagestoryData\Cache\unpack\RadialMenu-v1.0.3.zip_3a1ac47287a0\RadialMenu.dll
14.9.2025 21:22:31.864 [VerboseDebug] [radialmenu] Loaded assembly C:\Users\Doos\AppData\Roaming\VintagestoryData\Cache\unpack\RadialMenu-v1.0.3.zip_3a1ac47287a0\RadialMenu.dll
14.9.2025 21:22:31.864 [VerboseDebug] [visorhelmets] Check for mod systems in mod C:\Users\Doos\AppData\Roaming\VintagestoryData\Cache\unpack\visorhelmets_1.1.1.zip_34e9b0d16b1f\VisoredHelmets.dll
14.9.2025 21:22:31.864 [VerboseDebug] [visorhelmets] Loaded assembly C:\Users\Doos\AppData\Roaming\VintagestoryData\Cache\unpack\visorhelmets_1.1.1.zip_34e9b0d16b1f\VisoredHelmets.dll
14.9.2025 21:22:31.864 [VerboseDebug] [thebasics] Check for mod systems in mod C:\Users\Doos\AppData\Roaming\VintagestoryData\Cache\unpack\thebasics-v5.2.3.zip_1530de57a481\thebasics.dll
14.9.2025 21:22:31.864 [VerboseDebug] [thebasics] Loaded assembly C:\Users\Doos\AppData\Roaming\VintagestoryData\Cache\unpack\thebasics-v5.2.3.zip_1530de57a481\thebasics.dll
14.9.2025 21:22:31.864 [VerboseDebug] [staminaaddonco] Check for mod systems in mod 
14.9.2025 21:22:31.865 [VerboseDebug] 27 assemblies loaded
14.9.2025 21:22:31.865 [VerboseDebug] Instantiate mod systems for ancientarmory
14.9.2025 21:22:31.865 [VerboseDebug] Instantiate mod systems for fagothic
14.9.2025 21:22:31.865 [VerboseDebug] Instantiate mod systems for fagreenwich
14.9.2025 21:22:31.865 [VerboseDebug] Instantiate mod systems for falandsknecht
14.9.2025 21:22:31.865 [VerboseDebug] Instantiate mod systems for fatemplar
14.9.2025 21:22:31.865 [VerboseDebug] Instantiate mod systems for kemonoskins
14.9.2025 21:22:31.865 [VerboseDebug] Instantiate mod systems for nightskydelights
14.9.2025 21:22:31.865 [VerboseDebug] Instantiate mod systems for overhaullib
14.9.2025 21:22:31.865 [VerboseDebug] Instantiate mod systems for sprintmomentum
14.9.2025 21:22:31.865 [VerboseDebug] Instantiate mod systems for game
14.9.2025 21:22:31.869 [VerboseDebug] Instantiate mod systems for vsimgui
14.9.2025 21:22:31.869 [VerboseDebug] Instantiate mod systems for bullseyecontinued
14.9.2025 21:22:31.869 [VerboseDebug] Instantiate mod systems for combatoverhaul
14.9.2025 21:22:31.869 [VerboseDebug] Instantiate mod systems for kemono
14.9.2025 21:22:31.870 [VerboseDebug] Instantiate mod systems for krpgenchantment
14.9.2025 21:22:31.870 [VerboseDebug] Instantiate mod systems for maltiezcrossbows
14.9.2025 21:22:31.870 [VerboseDebug] Instantiate mod systems for maltiezfirearms
14.9.2025 21:22:31.870 [VerboseDebug] Instantiate mod systems for medievalexpansionpatch
14.9.2025 21:22:31.870 [VerboseDebug] Instantiate mod systems for partyraid
14.9.2025 21:22:31.870 [VerboseDebug] Instantiate mod systems for radialmenu
14.9.2025 21:22:31.870 [VerboseDebug] Instantiate mod systems for visorhelmets
14.9.2025 21:22:31.870 [VerboseDebug] Instantiate mod systems for creative
14.9.2025 21:22:31.870 [VerboseDebug] Instantiate mod systems for survival
14.9.2025 21:22:31.887 [VerboseDebug] Instantiate mod systems for armory
14.9.2025 21:22:31.887 [VerboseDebug] Instantiate mod systems for thebasics
14.9.2025 21:22:31.887 [VerboseDebug] Instantiate mod systems for wkfa
14.9.2025 21:22:32.033 [VerboseDebug] Searching file system (including mods) for asset files
14.9.2025 21:22:32.126 [VerboseDebug] Finished building index of asset files
14.9.2025 21:22:32.167 [VerboseDebug] Reloaded lang file with mod assets
14.9.2025 21:22:32.225 [VerboseDebug] Started mods
14.9.2025 21:22:32.236 [VerboseDebug] Patch file game:patches/fallingblocks.json, patch 0: Unmet IsValue condition (sandgravelsoil!=sandgravel)
14.9.2025 21:22:32.236 [VerboseDebug] Patch file game:patches/fallingblocks.json, patch 1: Unmet IsValue condition (sandgravelsoil!=sandgravel)
14.9.2025 21:22:32.236 [VerboseDebug] Patch file game:patches/fallingblocks.json, patch 2: Unmet IsValue condition (sandgravelsoil!=sandgravel)
14.9.2025 21:22:32.236 [VerboseDebug] Patch file game:patches/fallingblocks.json, patch 3: Unmet IsValue condition (sandgravelsoil!=sandgravel)
14.9.2025 21:22:32.236 [VerboseDebug] Patch file game:patches/fallingblocks.json, patch 4: Unmet IsValue condition (sandgravelsoil!=sandgravel)
14.9.2025 21:22:32.236 [VerboseDebug] Patch file game:patches/fallingblocks.json, patch 5: Unmet IsValue condition (sandgravelsoil!=sandgravel)
14.9.2025 21:22:32.236 [VerboseDebug] Patch file game:patches/fallingblocks.json, patch 6: Unmet IsValue condition (sandgravelsoil!=sandgravel)
14.9.2025 21:22:32.236 [VerboseDebug] Patch file game:patches/fallingblocks.json, patch 7: Unmet IsValue condition (sandgravelsoil!=sandgravel)
14.9.2025 21:22:32.236 [VerboseDebug] Patch file game:patches/fallingblocks.json, patch 8: Unmet IsValue condition (sandgravelsoil!=sandgravel)
14.9.2025 21:22:32.236 [VerboseDebug] Patch file game:patches/fallingblocks.json, patch 9: Unmet IsValue condition (sandgravelsoil!=sandgravel)
14.9.2025 21:22:32.236 [VerboseDebug] Patch file game:patches/fallingblocks.json, patch 10: Unmet IsValue condition (sandgravelsoil!=sandgravel)
14.9.2025 21:22:32.246 [VerboseDebug] Patch file game:patches/keepinventory.json, patch 0: Unmet IsValue condition (keep!=drop)
14.9.2025 21:22:32.263 [VerboseDebug] Patch file game:patches/playertemporalstability.json, patch 0: Unmet IsValue condition (true!=False)
14.9.2025 21:22:32.263 [VerboseDebug] Patch file game:patches/playertemporalstability.json, patch 1: Unmet IsValue condition (true!=False)
14.9.2025 21:22:32.264 [VerboseDebug] Patch file game:patches/unbucket.json, patch 0: Unmet IsValue condition (true!=False)
14.9.2025 21:22:32.264 [VerboseDebug] Patch file game:patches/unbucket.json, patch 1: Unmet IsValue condition (true!=False)
14.9.2025 21:22:32.267 [VerboseDebug] Patch file ancientarmory:patches/compatibility/combatoverhaul/co-axe.json, patch 0: Unmet DependsOn condition (ancientarmory,combatoverhaul,!armory)
14.9.2025 21:22:32.267 [VerboseDebug] Patch file ancientarmory:patches/compatibility/combatoverhaul/co-axe.json, patch 1: Unmet DependsOn condition (ancientarmory,combatoverhaul,!armory)
14.9.2025 21:22:32.267 [VerboseDebug] Patch file ancientarmory:patches/compatibility/combatoverhaul/co-axe.json, patch 2: Unmet DependsOn condition (ancientarmory,combatoverhaul,!armory)
14.9.2025 21:22:32.267 [VerboseDebug] Patch file ancientarmory:patches/compatibility/combatoverhaul/co-axe.json, patch 3: Unmet DependsOn condition (ancientarmory,combatoverhaul,!armory)
14.9.2025 21:22:32.267 [VerboseDebug] Patch file ancientarmory:patches/compatibility/combatoverhaul/co-axe.json, patch 4: Unmet DependsOn condition (ancientarmory,combatoverhaul,!armory)
14.9.2025 21:22:32.267 [VerboseDebug] Patch file ancientarmory:patches/compatibility/combatoverhaul/co-axe.json, patch 5: Unmet DependsOn condition (ancientarmory,combatoverhaul,!armory)
14.9.2025 21:22:32.267 [VerboseDebug] Patch file ancientarmory:patches/compatibility/combatoverhaul/co-axe.json, patch 6: Unmet DependsOn condition (ancientarmory,combatoverhaul,!armory)
14.9.2025 21:22:32.267 [VerboseDebug] Patch file ancientarmory:patches/compatibility/combatoverhaul/co-axe.json, patch 7: Unmet DependsOn condition (ancientarmory,combatoverhaul,!armory)
14.9.2025 21:22:32.267 [VerboseDebug] Patch file ancientarmory:patches/compatibility/combatoverhaul/co-axe.json, patch 8: Unmet DependsOn condition (ancientarmory,combatoverhaul,!armory)
14.9.2025 21:22:32.267 [VerboseDebug] Patch file ancientarmory:patches/compatibility/combatoverhaul/co-axe.json, patch 9: Unmet DependsOn condition (ancientarmory,combatoverhaul,!armory)
14.9.2025 21:22:32.267 [VerboseDebug] Patch file ancientarmory:patches/compatibility/combatoverhaul/co-blades.json, patch 0: Unmet DependsOn condition (ancientarmory,combatoverhaul,!armory)
14.9.2025 21:22:32.267 [VerboseDebug] Patch file ancientarmory:patches/compatibility/combatoverhaul/co-blades.json, patch 1: Unmet DependsOn condition (ancientarmory,combatoverhaul,!armory)
14.9.2025 21:22:32.267 [VerboseDebug] Patch file ancientarmory:patches/compatibility/combatoverhaul/co-blades.json, patch 2: Unmet DependsOn condition (ancientarmory,combatoverhaul,!armory)
14.9.2025 21:22:32.267 [VerboseDebug] Patch file ancientarmory:patches/compatibility/combatoverhaul/co-blades.json, patch 3: Unmet DependsOn condition (ancientarmory,combatoverhaul,!armory)
14.9.2025 21:22:32.267 [VerboseDebug] Patch file ancientarmory:patches/compatibility/combatoverhaul/co-blades.json, patch 4: Unmet DependsOn condition (ancientarmory,combatoverhaul,!armory)
14.9.2025 21:22:32.267 [VerboseDebug] Patch file ancientarmory:patches/compatibility/combatoverhaul/co-blades.json, patch 5: Unmet DependsOn condition (ancientarmory,combatoverhaul,!armory)
14.9.2025 21:22:32.267 [VerboseDebug] Patch file ancientarmory:patches/compatibility/combatoverhaul/co-blades.json, patch 6: Unmet DependsOn condition (ancientarmory,combatoverhaul,!armory)
14.9.2025 21:22:32.267 [VerboseDebug] Patch file ancientarmory:patches/compatibility/combatoverhaul/co-blades.json, patch 7: Unmet DependsOn condition (ancientarmory,combatoverhaul,!armory)
14.9.2025 21:22:32.267 [VerboseDebug] Patch file ancientarmory:patches/compatibility/combatoverhaul/co-blades.json, patch 8: Unmet DependsOn condition (ancientarmory,combatoverhaul,!armory)
14.9.2025 21:22:32.267 [VerboseDebug] Patch file ancientarmory:patches/compatibility/combatoverhaul/co-blades.json, patch 9: Unmet DependsOn condition (ancientarmory,combatoverhaul,!armory)
14.9.2025 21:22:32.268 [VerboseDebug] Patch file ancientarmory:patches/compatibility/combatoverhaul/co-club.json, patch 0: Unmet DependsOn condition (ancientarmory,combatoverhaul,!armory)
14.9.2025 21:22:32.268 [VerboseDebug] Patch file ancientarmory:patches/compatibility/combatoverhaul/co-club.json, patch 1: Unmet DependsOn condition (ancientarmory,combatoverhaul,!armory)
14.9.2025 21:22:32.268 [VerboseDebug] Patch file ancientarmory:patches/compatibility/combatoverhaul/co-club.json, patch 2: Unmet DependsOn condition (ancientarmory,combatoverhaul,!armory)
14.9.2025 21:22:32.268 [VerboseDebug] Patch file ancientarmory:patches/compatibility/combatoverhaul/co-club.json, patch 3: Unmet DependsOn condition (ancientarmory,combatoverhaul,!armory)
14.9.2025 21:22:32.268 [VerboseDebug] Patch file ancientarmory:patches/compatibility/combatoverhaul/co-club.json, patch 4: Unmet DependsOn condition (ancientarmory,combatoverhaul,!armory)
14.9.2025 21:22:32.268 [VerboseDebug] Patch file ancientarmory:patches/compatibility/combatoverhaul/co-club.json, patch 5: Unmet DependsOn condition (ancientarmory,combatoverhaul,!armory)
14.9.2025 21:22:32.268 [VerboseDebug] Patch file ancientarmory:patches/compatibility/combatoverhaul/co-club.json, patch 6: Unmet DependsOn condition (ancientarmory,combatoverhaul,!armory)
14.9.2025 21:22:32.268 [VerboseDebug] Patch file ancientarmory:patches/compatibility/combatoverhaul/co-club.json, patch 7: Unmet DependsOn condition (ancientarmory,combatoverhaul,!armory)
14.9.2025 21:22:32.268 [VerboseDebug] Patch file ancientarmory:patches/compatibility/combatoverhaul/co-club.json, patch 8: Unmet DependsOn condition (ancientarmory,combatoverhaul,!armory)
14.9.2025 21:22:32.269 [VerboseDebug] Patch file ancientarmory:patches/compatibility/combatoverhaul/co-extraswords.json, patch 0: Unmet DependsOn condition (ancientarmory,combatoverhaul,!armory)
14.9.2025 21:22:32.269 [VerboseDebug] Patch file ancientarmory:patches/compatibility/combatoverhaul/co-extraswords.json, patch 1: Unmet DependsOn condition (ancientarmory,combatoverhaul,!armory)
14.9.2025 21:22:32.269 [VerboseDebug] Patch file ancientarmory:patches/compatibility/combatoverhaul/co-extraswords.json, patch 2: Unmet DependsOn condition (ancientarmory,combatoverhaul,!armory)
14.9.2025 21:22:32.269 [VerboseDebug] Patch file ancientarmory:patches/compatibility/combatoverhaul/co-extraswords.json, patch 3: Unmet DependsOn condition (ancientarmory,combatoverhaul,!armory)
14.9.2025 21:22:32.269 [VerboseDebug] Patch file ancientarmory:patches/compatibility/combatoverhaul/co-extraswords.json, patch 4: Unmet DependsOn condition (ancientarmory,combatoverhaul,!armory)
14.9.2025 21:22:32.269 [VerboseDebug] Patch file ancientarmory:patches/compatibility/combatoverhaul/co-extraswords.json, patch 5: Unmet DependsOn condition (ancientarmory,combatoverhaul,!armory)
14.9.2025 21:22:32.269 [VerboseDebug] Patch file ancientarmory:patches/compatibility/combatoverhaul/co-extraswords.json, patch 6: Unmet DependsOn condition (ancientarmory,combatoverhaul,!armory)
14.9.2025 21:22:32.269 [VerboseDebug] Patch file ancientarmory:patches/compatibility/combatoverhaul/co-extraswords.json, patch 7: Unmet DependsOn condition (ancientarmory,combatoverhaul,!armory)
14.9.2025 21:22:32.269 [VerboseDebug] Patch file ancientarmory:patches/compatibility/combatoverhaul/co-extraswords.json, patch 8: Unmet DependsOn condition (ancientarmory,combatoverhaul,!armory)
14.9.2025 21:22:32.269 [VerboseDebug] Patch file ancientarmory:patches/compatibility/combatoverhaul/co-extraswords.json, patch 9: Unmet DependsOn condition (ancientarmory,combatoverhaul,!armory)
14.9.2025 21:22:32.269 [VerboseDebug] Patch file ancientarmory:patches/compatibility/combatoverhaul/co-extraswords.json, patch 10: Unmet DependsOn condition (ancientarmory,combatoverhaul,!armory)
14.9.2025 21:22:32.270 [VerboseDebug] Patch file ancientarmory:patches/compatibility/combatoverhaul/co-patch-great.json, patch 0: Unmet DependsOn condition (ancientarmory,combatoverhaul,!armory)
14.9.2025 21:22:32.270 [VerboseDebug] Patch file ancientarmory:patches/compatibility/combatoverhaul/co-patch-great.json, patch 1: Unmet DependsOn condition (ancientarmory,combatoverhaul,!armory)
14.9.2025 21:22:32.270 [VerboseDebug] Patch file ancientarmory:patches/compatibility/combatoverhaul/co-patch-great.json, patch 2: Unmet DependsOn condition (ancientarmory,combatoverhaul,!armory)
14.9.2025 21:22:32.270 [VerboseDebug] Patch file ancientarmory:patches/compatibility/combatoverhaul/co-patch-great.json, patch 3: Unmet DependsOn condition (ancientarmory,combatoverhaul,!armory)
14.9.2025 21:22:32.270 [VerboseDebug] Patch file ancientarmory:patches/compatibility/combatoverhaul/co-patch-great.json, patch 4: Unmet DependsOn condition (ancientarmory,combatoverhaul,!armory)
14.9.2025 21:22:32.271 [VerboseDebug] Patch file ancientarmory:patches/compatibility/combatoverhaul/co-patch-long.json, patch 0: Unmet DependsOn condition (ancientarmory,combatoverhaul,!armory)
14.9.2025 21:22:32.271 [VerboseDebug] Patch file ancientarmory:patches/compatibility/combatoverhaul/co-patch-long.json, patch 1: Unmet DependsOn condition (ancientarmory,combatoverhaul,!armory)
14.9.2025 21:22:32.271 [VerboseDebug] Patch file ancientarmory:patches/compatibility/combatoverhaul/co-patch-long.json, patch 2: Unmet DependsOn condition (ancientarmory,combatoverhaul,!armory)
14.9.2025 21:22:32.271 [VerboseDebug] Patch file ancientarmory:patches/compatibility/combatoverhaul/co-patch-long.json, patch 3: Unmet DependsOn condition (ancientarmory,combatoverhaul,!armory)
14.9.2025 21:22:32.271 [VerboseDebug] Patch file ancientarmory:patches/compatibility/combatoverhaul/co-patch-long.json, patch 4: Unmet DependsOn condition (ancientarmory,combatoverhaul,!armory)
14.9.2025 21:22:32.271 [VerboseDebug] Patch file ancientarmory:patches/compatibility/combatoverhaul/co-patch-long.json, patch 5: Unmet DependsOn condition (ancientarmory,combatoverhaul,!armory)
14.9.2025 21:22:32.271 [VerboseDebug] Patch file ancientarmory:patches/compatibility/combatoverhaul/co-patch-long.json, patch 6: Unmet DependsOn condition (ancientarmory,combatoverhaul,!armory)
14.9.2025 21:22:32.271 [VerboseDebug] Patch file ancientarmory:patches/compatibility/combatoverhaul/co-patch-long.json, patch 7: Unmet DependsOn condition (ancientarmory,combatoverhaul,!armory)
14.9.2025 21:22:32.271 [VerboseDebug] Patch file ancientarmory:patches/compatibility/combatoverhaul/co-patch-long.json, patch 8: Unmet DependsOn condition (ancientarmory,combatoverhaul,!armory)
14.9.2025 21:22:32.271 [VerboseDebug] Patch file ancientarmory:patches/compatibility/combatoverhaul/co-patch-long.json, patch 9: Unmet DependsOn condition (ancientarmory,combatoverhaul,!armory)
14.9.2025 21:22:32.271 [VerboseDebug] Patch file ancientarmory:patches/compatibility/combatoverhaul/co-patch-sounds.json, patch 0: Unmet DependsOn condition (ancientarmory,combatoverhaul,!armory)
14.9.2025 21:22:32.271 [VerboseDebug] Patch file ancientarmory:patches/compatibility/combatoverhaul/co-patch-sounds.json, patch 1: Unmet DependsOn condition (ancientarmory,combatoverhaul,!armory)
14.9.2025 21:22:32.273 [VerboseDebug] Patch file ancientarmory:patches/compatibility/combatoverhaul/co-patch-spear.json, patch 0: Unmet DependsOn condition (ancientarmory,combatoverhaul,!armory)
14.9.2025 21:22:32.273 [VerboseDebug] Patch file ancientarmory:patches/compatibility/combatoverhaul/co-patch-spear.json, patch 1: Unmet DependsOn condition (ancientarmory,combatoverhaul,!armory)
14.9.2025 21:22:32.273 [VerboseDebug] Patch file ancientarmory:patches/compatibility/combatoverhaul/co-patch-spear.json, patch 2: Unmet DependsOn condition (ancientarmory,combatoverhaul,!armory)
14.9.2025 21:22:32.273 [VerboseDebug] Patch file ancientarmory:patches/compatibility/combatoverhaul/co-patch-spear.json, patch 3: Unmet DependsOn condition (ancientarmory,combatoverhaul,!armory)
14.9.2025 21:22:32.273 [VerboseDebug] Patch file ancientarmory:patches/compatibility/combatoverhaul/co-patch-spear.json, patch 4: Unmet DependsOn condition (ancientarmory,combatoverhaul,!armory)
14.9.2025 21:22:32.273 [VerboseDebug] Patch file ancientarmory:patches/compatibility/combatoverhaul/co-patch-spear.json, patch 5: Unmet DependsOn condition (ancientarmory,combatoverhaul,!armory)
14.9.2025 21:22:32.273 [VerboseDebug] Patch file ancientarmory:patches/compatibility/combatoverhaul/co-patch-spear.json, patch 6: Unmet DependsOn condition (ancientarmory,combatoverhaul,!armory)
14.9.2025 21:22:32.273 [VerboseDebug] Patch file ancientarmory:patches/compatibility/combatoverhaul/co-patch-spear.json, patch 7: Unmet DependsOn condition (ancientarmory,combatoverhaul,!armory)
14.9.2025 21:22:32.274 [VerboseDebug] Patch file ancientarmory:patches/compatibility/combatoverhaul/co-spear.json, patch 0: Unmet DependsOn condition (ancientarmory,combatoverhaul,!armory)
14.9.2025 21:22:32.274 [VerboseDebug] Patch file ancientarmory:patches/compatibility/combatoverhaul/co-spear.json, patch 1: Unmet DependsOn condition (ancientarmory,combatoverhaul,!armory)
14.9.2025 21:22:32.274 [VerboseDebug] Patch file ancientarmory:patches/compatibility/combatoverhaul/co-spear.json, patch 2: Unmet DependsOn condition (ancientarmory,combatoverhaul,!armory)
14.9.2025 21:22:32.274 [VerboseDebug] Patch file ancientarmory:patches/compatibility/combatoverhaul/co-spear.json, patch 3: Unmet DependsOn condition (ancientarmory,combatoverhaul,!armory)
14.9.2025 21:22:32.274 [VerboseDebug] Patch file ancientarmory:patches/compatibility/combatoverhaul/co-spear.json, patch 4: Unmet DependsOn condition (ancientarmory,combatoverhaul,!armory)
14.9.2025 21:22:32.274 [VerboseDebug] Patch file ancientarmory:patches/compatibility/combatoverhaul/co-spear.json, patch 5: Unmet DependsOn condition (ancientarmory,combatoverhaul,!armory)
14.9.2025 21:22:32.274 [VerboseDebug] Patch file ancientarmory:patches/compatibility/combatoverhaul/co-spear.json, patch 6: Unmet DependsOn condition (ancientarmory,combatoverhaul,!armory)
14.9.2025 21:22:32.274 [VerboseDebug] Patch file ancientarmory:patches/compatibility/combatoverhaul/co-spear.json, patch 7: Unmet DependsOn condition (ancientarmory,combatoverhaul,!armory)
14.9.2025 21:22:32.274 [VerboseDebug] Patch file ancientarmory:patches/compatibility/combatoverhaul/co-spear.json, patch 8: Unmet DependsOn condition (ancientarmory,combatoverhaul,!armory)
14.9.2025 21:22:32.274 [VerboseDebug] Patch file ancientarmory:patches/compatibility/combatoverhaul/co-spear.json, patch 9: Unmet DependsOn condition (ancientarmory,combatoverhaul,!armory)
14.9.2025 21:22:32.274 [VerboseDebug] Patch file ancientarmory:patches/compatibility/combatoverhaul/co-spear.json, patch 10: Unmet DependsOn condition (ancientarmory,combatoverhaul,!armory)
14.9.2025 21:22:32.274 [VerboseDebug] Patch file ancientarmory:patches/compatibility/combatoverhaul/co-spear.json, patch 11: Unmet DependsOn condition (ancientarmory,combatoverhaul,!armory)
14.9.2025 21:22:32.274 [VerboseDebug] Patch file ancientarmory:patches/compatibility/combatoverhaul/co-spear.json, patch 12: Unmet DependsOn condition (ancientarmory,combatoverhaul,!armory)
14.9.2025 21:22:32.274 [VerboseDebug] Patch file ancientarmory:patches/compatibility/combatoverhaul/co-spear.json, patch 13: Unmet DependsOn condition (ancientarmory,combatoverhaul,!armory)
14.9.2025 21:22:32.274 [VerboseDebug] Patch file ancientarmory:patches/compatibility/combatoverhaul/co-spear.json, patch 14: Unmet DependsOn condition (ancientarmory,combatoverhaul,!armory)
14.9.2025 21:22:32.325 [VerboseDebug] Patch file ancientarmory:patches/compatibility/indappledgroves/disableancientarmoryrecipes_idg.json, patch 0: Unmet DependsOn condition (ancientarmory,indappledgroves)
14.9.2025 21:22:32.325 [VerboseDebug] Patch file ancientarmory:patches/compatibility/indappledgroves/disableancientarmoryrecipes_idg.json, patch 1: Unmet DependsOn condition (ancientarmory,indappledgroves)
14.9.2025 21:22:32.325 [VerboseDebug] Patch file ancientarmory:patches/compatibility/indappledgroves/disableancientarmoryrecipes_idg.json, patch 2: Unmet DependsOn condition (ancientarmory,indappledgroves)
14.9.2025 21:22:32.325 [VerboseDebug] Patch file ancientarmory:patches/compatibility/indappledgroves/disableancientarmoryrecipes_idg.json, patch 3: Unmet DependsOn condition (ancientarmory,indappledgroves)
14.9.2025 21:22:32.325 [VerboseDebug] Patch file ancientarmory:patches/compatibility/indappledgroves/disableancientarmoryrecipes_idg.json, patch 4: Unmet DependsOn condition (ancientarmory,indappledgroves)
14.9.2025 21:22:32.325 [VerboseDebug] Patch file ancientarmory:patches/compatibility/indappledgroves/disableancientarmoryrecipes_idg.json, patch 5: Unmet DependsOn condition (ancientarmory,indappledgroves)
14.9.2025 21:22:32.325 [VerboseDebug] Patch file ancientarmory:patches/compatibility/indappledgroves/disableancientarmoryrecipes_idg.json, patch 6: Unmet DependsOn condition (ancientarmory,indappledgroves)
14.9.2025 21:22:32.325 [VerboseDebug] Patch file ancientarmory:patches/compatibility/indappledgroves/disableancientarmoryrecipes_idg.json, patch 7: Unmet DependsOn condition (ancientarmory,indappledgroves)
14.9.2025 21:22:32.325 [VerboseDebug] Patch file ancientarmory:patches/compatibility/indappledgroves/disableancientarmoryrecipes_idg.json, patch 8: Unmet DependsOn condition (ancientarmory,indappledgroves)
14.9.2025 21:22:32.325 [VerboseDebug] Patch file ancientarmory:patches/compatibility/indappledgroves/disableancientarmoryrecipes_idg.json, patch 9: Unmet DependsOn condition (ancientarmory,indappledgroves)
14.9.2025 21:22:32.325 [VerboseDebug] Patch file ancientarmory:patches/compatibility/purposefulstorage/purposefulstorage.json, patch 0: Unmet DependsOn condition (purposefulstorage)
14.9.2025 21:22:32.325 [VerboseDebug] Patch file ancientarmory:patches/compatibility/purposefulstorage/purposefulstorage.json, patch 1: Unmet DependsOn condition (purposefulstorage)
14.9.2025 21:22:32.325 [VerboseDebug] Patch file ancientarmory:patches/compatibility/purposefulstorage/purposefulstorage.json, patch 2: Unmet DependsOn condition (purposefulstorage)
14.9.2025 21:22:32.325 [VerboseDebug] Patch file ancientarmory:patches/compatibility/purposefulstorage/purposefulstorage.json, patch 3: Unmet DependsOn condition (purposefulstorage)
14.9.2025 21:22:32.325 [VerboseDebug] Patch file ancientarmory:patches/compatibility/purposefulstorage/purposefulstorage.json, patch 4: Unmet DependsOn condition (purposefulstorage)
14.9.2025 21:22:32.325 [VerboseDebug] Patch file ancientarmory:patches/compatibility/purposefulstorage/purposefulstorage.json, patch 5: Unmet DependsOn condition (purposefulstorage)
14.9.2025 21:22:32.325 [VerboseDebug] Patch file ancientarmory:patches/compatibility/purposefulstorage/purposefulstorage.json, patch 6: Unmet DependsOn condition (purposefulstorage)
14.9.2025 21:22:32.325 [VerboseDebug] Patch file ancientarmory:patches/compatibility/purposefulstorage/purposefulstorage.json, patch 7: Unmet DependsOn condition (purposefulstorage)
14.9.2025 21:22:32.325 [VerboseDebug] Patch file ancientarmory:patches/compatibility/purposefulstorage/purposefulstorage.json, patch 8: Unmet DependsOn condition (purposefulstorage)
14.9.2025 21:22:32.325 [VerboseDebug] Patch file ancientarmory:patches/compatibility/purposefulstorage/purposefulstorage.json, patch 9: Unmet DependsOn condition (purposefulstorage)
14.9.2025 21:22:32.325 [VerboseDebug] Patch file ancientarmory:patches/compatibility/purposefulstorage/purposefulstorage.json, patch 10: Unmet DependsOn condition (purposefulstorage)
14.9.2025 21:22:32.325 [VerboseDebug] Patch file ancientarmory:patches/compatibility/purposefulstorage/purposefulstorage.json, patch 11: Unmet DependsOn condition (purposefulstorage)
14.9.2025 21:22:32.325 [VerboseDebug] Patch file ancientarmory:patches/compatibility/purposefulstorage/purposefulstorage.json, patch 12: Unmet DependsOn condition (purposefulstorage)
14.9.2025 21:22:32.325 [VerboseDebug] Patch file ancientarmory:patches/compatibility/purposefulstorage/purposefulstorage.json, patch 13: Unmet DependsOn condition (purposefulstorage)
14.9.2025 21:22:32.325 [VerboseDebug] Patch file ancientarmory:patches/compatibility/purposefulstorage/purposefulstorage.json, patch 14: Unmet DependsOn condition (purposefulstorage)
14.9.2025 21:22:32.325 [VerboseDebug] Patch file ancientarmory:patches/compatibility/purposefulstorage/purposefulstorage.json, patch 15: Unmet DependsOn condition (purposefulstorage)
14.9.2025 21:22:32.325 [VerboseDebug] Patch file ancientarmory:patches/compatibility/purposefulstorage/purposefulstorage.json, patch 16: Unmet DependsOn condition (purposefulstorage)
14.9.2025 21:22:32.325 [VerboseDebug] Patch file ancientarmory:patches/compatibility/purposefulstorage/purposefulstorage.json, patch 17: Unmet DependsOn condition (purposefulstorage)
14.9.2025 21:22:32.325 [VerboseDebug] Patch file ancientarmory:patches/compatibility/purposefulstorage/purposefulstorage.json, patch 18: Unmet DependsOn condition (purposefulstorage)
14.9.2025 21:22:32.325 [VerboseDebug] Patch file ancientarmory:patches/compatibility/purposefulstorage/purposefulstorage.json, patch 19: Unmet DependsOn condition (purposefulstorage)
14.9.2025 21:22:32.325 [VerboseDebug] Patch file ancientarmory:patches/compatibility/purposefulstorage/purposefulstorage.json, patch 20: Unmet DependsOn condition (purposefulstorage)
14.9.2025 21:22:32.325 [VerboseDebug] Patch file ancientarmory:patches/compatibility/purposefulstorage/purposefulstorage.json, patch 21: Unmet DependsOn condition (purposefulstorage)
14.9.2025 21:22:32.325 [VerboseDebug] Patch file ancientarmory:patches/compatibility/rtrullywoods/firewood.json, patch 0: Unmet DependsOn condition (rtrullywoods)
14.9.2025 21:22:32.325 [VerboseDebug] Patch file ancientarmory:patches/compatibility/rtrullywoods/firewood.json, patch 1: Unmet DependsOn condition (rtrullywoods)
14.9.2025 21:22:32.325 [VerboseDebug] Patch file ancientarmory:patches/compatibility/rtrullywoods/firewood.json, patch 2: Unmet DependsOn condition (rtrullywoods)
14.9.2025 21:22:32.325 [VerboseDebug] Patch file ancientarmory:patches/compatibility/stillnecessaries/axe.json, patch 0: Unmet DependsOn condition (stillnecessaries)
14.9.2025 21:22:32.325 [VerboseDebug] Patch file ancientarmory:patches/compatibility/stillnecessaries/blades.json, patch 0: Unmet DependsOn condition (stillnecessaries)
14.9.2025 21:22:32.325 [VerboseDebug] Patch file ancientarmory:patches/compatibility/stillnecessaries/club.json, patch 0: Unmet DependsOn condition (stillnecessaries)
14.9.2025 21:22:32.325 [VerboseDebug] Patch file ancientarmory:patches/compatibility/stillnecessaries/extraswords.json, patch 0: Unmet DependsOn condition (stillnecessaries)
14.9.2025 21:22:32.325 [VerboseDebug] Patch file ancientarmory:patches/compatibility/stillnecessaries/knife.json, patch 0: Unmet DependsOn condition (stillnecessaries)
14.9.2025 21:22:32.325 [VerboseDebug] Patch file ancientarmory:patches/compatibility/stillnecessaries/spear.json, patch 0: Unmet DependsOn condition (stillnecessaries)
14.9.2025 21:22:32.326 [VerboseDebug] Patch file ancientarmory:patches/compatibility/tailorsdelight/disableancientarmoryrecipes_tailors.json, patch 0: Unmet DependsOn condition (ancientarmory,tailorsdelight)
14.9.2025 21:22:32.326 [VerboseDebug] Patch file ancientarmory:patches/compatibility/tailorsdelight/disableancientarmoryrecipes_tailors.json, patch 1: Unmet DependsOn condition (ancientarmory,tailorsdelight)
14.9.2025 21:22:32.326 [VerboseDebug] Patch file ancientarmory:patches/compatibility/tailorsdelight/disableancientarmoryrecipes_tailors.json, patch 2: Unmet DependsOn condition (ancientarmory,tailorsdelight)
14.9.2025 21:22:32.326 [VerboseDebug] Patch file ancientarmory:patches/compatibility/tailorsdelight/disableancientarmoryrecipes_tailors.json, patch 3: Unmet DependsOn condition (ancientarmory,tailorsdelight)
14.9.2025 21:22:32.326 [VerboseDebug] Patch file ancientarmory:patches/compatibility/tailorsdelight/disableancientarmoryrecipes_tailors.json, patch 4: Unmet DependsOn condition (ancientarmory,tailorsdelight)
14.9.2025 21:22:32.326 [VerboseDebug] Patch file ancientarmory:patches/compatibility/tailorsdelight/disableancientarmoryrecipes_tailors.json, patch 5: Unmet DependsOn condition (ancientarmory,tailorsdelight)
14.9.2025 21:22:32.326 [VerboseDebug] Patch file ancientarmory:patches/compatibility/tailorsdelight/disableancientarmoryrecipes_tailors.json, patch 6: Unmet DependsOn condition (ancientarmory,tailorsdelight)
14.9.2025 21:22:32.326 [VerboseDebug] Patch file ancientarmory:patches/compatibility/tailorsdelight/disableancientarmoryrecipes_tailors.json, patch 7: Unmet DependsOn condition (ancientarmory,tailorsdelight)
14.9.2025 21:22:32.326 [VerboseDebug] Patch file ancientarmory:patches/compatibility/tailorsdelight/disableancientarmoryrecipes_tailors.json, patch 8: Unmet DependsOn condition (ancientarmory,tailorsdelight)
14.9.2025 21:22:32.326 [VerboseDebug] Patch file ancientarmory:patches/compatibility/tailorsdelight/disableancientarmoryrecipes_tailors.json, patch 9: Unmet DependsOn condition (ancientarmory,tailorsdelight)
14.9.2025 21:22:32.326 [VerboseDebug] Patch file ancientarmory:patches/compatibility/tailorsdelight/disableancientarmoryrecipes_tailors.json, patch 10: Unmet DependsOn condition (ancientarmory,tailorsdelight)
14.9.2025 21:22:32.326 [VerboseDebug] Patch file ancientarmory:patches/compatibility/tailorsdelight/disableancientarmoryrecipes_tailors.json, patch 11: Unmet DependsOn condition (ancientarmory,tailorsdelight)
14.9.2025 21:22:32.326 [VerboseDebug] Patch file ancientarmory:patches/compatibility/tailorsdelight/disableancientarmoryrecipes_tailors.json, patch 12: Unmet DependsOn condition (ancientarmory,tailorsdelight)
14.9.2025 21:22:32.326 [VerboseDebug] Patch file ancientarmory:patches/compatibility/tailorsdelight/disableancientarmoryrecipes_tailors.json, patch 13: Unmet DependsOn condition (ancientarmory,tailorsdelight)
14.9.2025 21:22:32.326 [VerboseDebug] Patch file ancientarmory:patches/compatibility/tailorsdelight/disableancientarmoryrecipes_tailors.json, patch 14: Unmet DependsOn condition (ancientarmory,tailorsdelight)
14.9.2025 21:22:32.326 [VerboseDebug] Patch file ancientarmory:patches/compatibility/tailorsdelight/disableancientarmoryrecipes_tailors.json, patch 15: Unmet DependsOn condition (ancientarmory,tailorsdelight)
14.9.2025 21:22:32.326 [VerboseDebug] Patch file ancientarmory:patches/compatibility/tailorsdelight/disableancientarmoryrecipes_tailors.json, patch 16: Unmet DependsOn condition (ancientarmory,tailorsdelight)
14.9.2025 21:22:32.326 [VerboseDebug] Patch file ancientarmory:patches/compatibility/tailorsdelight/disableancientarmoryrecipes_tailors.json, patch 17: Unmet DependsOn condition (ancientarmory,tailorsdelight)
14.9.2025 21:22:32.326 [VerboseDebug] Patch file ancientarmory:patches/compatibility/tailorsdelight/disableancientarmoryrecipes_tailors.json, patch 18: Unmet DependsOn condition (ancientarmory,tailorsdelight)
14.9.2025 21:22:32.326 [VerboseDebug] Patch file ancientarmory:patches/compatibility/tailorsdelight/disableancientarmoryrecipes_tailors.json, patch 19: Unmet DependsOn condition (ancientarmory,tailorsdelight)
14.9.2025 21:22:32.326 [VerboseDebug] Patch file ancientarmory:patches/compatibility/tailorsdelight/disableancientarmoryrecipes_tailors.json, patch 20: Unmet DependsOn condition (ancientarmory,tailorsdelight)
14.9.2025 21:22:32.326 [VerboseDebug] Patch file ancientarmory:patches/compatibility/tailorsdelight/disableancientarmoryrecipes_tailors.json, patch 21: Unmet DependsOn condition (ancientarmory,tailorsdelight)
14.9.2025 21:22:32.326 [VerboseDebug] Patch file ancientarmory:patches/compatibility/tailorsdelight/disableancientarmoryrecipes_tailors.json, patch 22: Unmet DependsOn condition (ancientarmory,tailorsdelight)
14.9.2025 21:22:32.565 [VerboseDebug] Patch 0 in fagothic:patches/usefultraders-fa-gothic-treasurehunter.json: File usefultraders:patches/usefultrader-treasurehunter.json not found
14.9.2025 21:22:32.578 [VerboseDebug] Patch 0 in fagreenwich:patches/usefultraders-fa-greenwich-treasurehunter.json: File usefultraders:patches/usefultrader-treasurehunter.json not found
14.9.2025 21:22:32.591 [VerboseDebug] Patch 0 in falandsknecht:patches/usefultraders-fa-landsknecht-treasurehunter.json: File usefultraders:patches/usefultrader-treasurehunter.json not found
14.9.2025 21:22:32.604 [VerboseDebug] Patch 0 in fatemplar:patches/usefultraders-fa-templar-treasurehunter.json: File usefultraders:patches/usefultrader-treasurehunter.json not found
14.9.2025 21:22:33.580 [VerboseDebug] Patch file combatoverhaul:patches/compatibility/fantasycreatures/cavegoblin.json, patch 0: Unmet DependsOn condition (fantasycreatures)
14.9.2025 21:22:33.580 [VerboseDebug] Patch file combatoverhaul:patches/compatibility/fantasycreatures/cavegoblin.json, patch 1: Unmet DependsOn condition (fantasycreatures)
14.9.2025 21:22:33.580 [VerboseDebug] Patch file combatoverhaul:patches/compatibility/fantasycreatures/cavegoblin.json, patch 2: Unmet DependsOn condition (fantasycreatures)
14.9.2025 21:22:33.580 [VerboseDebug] Patch file combatoverhaul:patches/compatibility/fantasycreatures/cavegoblin.json, patch 3: Unmet DependsOn condition (fantasycreatures)
14.9.2025 21:22:33.580 [VerboseDebug] Patch file combatoverhaul:patches/compatibility/fantasycreatures/cavegoblin.json, patch 4: Unmet DependsOn condition (fantasycreatures)
14.9.2025 21:22:33.580 [VerboseDebug] Patch file combatoverhaul:patches/compatibility/fantasycreatures/cavegoblin.json, patch 5: Unmet DependsOn condition (fantasycreatures)
14.9.2025 21:22:33.580 [VerboseDebug] Patch file combatoverhaul:patches/compatibility/fantasycreatures/cavegoblin.json, patch 6: Unmet DependsOn condition (fantasycreatures)
14.9.2025 21:22:33.580 [VerboseDebug] Patch file combatoverhaul:patches/compatibility/fantasycreatures/cavegoblin.json, patch 7: Unmet DependsOn condition (fantasycreatures)
14.9.2025 21:22:33.580 [VerboseDebug] Patch file combatoverhaul:patches/compatibility/fantasycreatures/cavegoblin.json, patch 8: Unmet DependsOn condition (fantasycreatures)
14.9.2025 21:22:33.580 [VerboseDebug] Patch file combatoverhaul:patches/compatibility/fantasycreatures/cavegoblin.json, patch 9: Unmet DependsOn condition (fantasycreatures)
14.9.2025 21:22:33.580 [VerboseDebug] Patch file combatoverhaul:patches/compatibility/fantasycreatures/cavegoblin.json, patch 10: Unmet DependsOn condition (fantasycreatures)
14.9.2025 21:22:33.580 [VerboseDebug] Patch file combatoverhaul:patches/compatibility/fantasycreatures/cavegoblin.json, patch 11: Unmet DependsOn condition (fantasycreatures)
14.9.2025 21:22:33.580 [VerboseDebug] Patch file combatoverhaul:patches/compatibility/fantasycreatures/cavegoblin.json, patch 12: Unmet DependsOn condition (fantasycreatures)
14.9.2025 21:22:33.580 [VerboseDebug] Patch file combatoverhaul:patches/compatibility/fantasycreatures/cavegoblin.json, patch 13: Unmet DependsOn condition (fantasycreatures)
14.9.2025 21:22:33.580 [VerboseDebug] Patch file combatoverhaul:patches/compatibility/fantasycreatures/cavegoblin.json, patch 14: Unmet DependsOn condition (fantasycreatures)
14.9.2025 21:22:33.580 [VerboseDebug] Patch file combatoverhaul:patches/compatibility/fantasycreatures/cavegoblin.json, patch 15: Unmet DependsOn condition (fantasycreatures)
14.9.2025 21:22:33.580 [VerboseDebug] Patch file combatoverhaul:patches/compatibility/fantasycreatures/dragon.json, patch 0: Unmet DependsOn condition (fantasycreatures)
14.9.2025 21:22:33.580 [VerboseDebug] Patch file combatoverhaul:patches/compatibility/fantasycreatures/dragon.json, patch 1: Unmet DependsOn condition (fantasycreatures)
14.9.2025 21:22:33.580 [VerboseDebug] Patch file combatoverhaul:patches/compatibility/fantasycreatures/dragon.json, patch 2: Unmet DependsOn condition (fantasycreatures)
14.9.2025 21:22:33.580 [VerboseDebug] Patch file combatoverhaul:patches/compatibility/fantasycreatures/dragon.json, patch 3: Unmet DependsOn condition (fantasycreatures)
14.9.2025 21:22:33.580 [VerboseDebug] Patch file combatoverhaul:patches/compatibility/fantasycreatures/dragon.json, patch 4: Unmet DependsOn condition (fantasycreatures)
14.9.2025 21:22:33.580 [VerboseDebug] Patch file combatoverhaul:patches/compatibility/fantasycreatures/dragon.json, patch 5: Unmet DependsOn condition (fantasycreatures)
14.9.2025 21:22:33.580 [VerboseDebug] Patch file combatoverhaul:patches/compatibility/fantasycreatures/dragon.json, patch 6: Unmet DependsOn condition (fantasycreatures)
14.9.2025 21:22:33.580 [VerboseDebug] Patch file combatoverhaul:patches/compatibility/fantasycreatures/dragon.json, patch 7: Unmet DependsOn condition (fantasycreatures)
14.9.2025 21:22:33.580 [VerboseDebug] Patch file combatoverhaul:patches/compatibility/fantasycreatures/dragon.json, patch 8: Unmet DependsOn condition (fantasycreatures)
14.9.2025 21:22:33.580 [VerboseDebug] Patch file combatoverhaul:patches/compatibility/fantasycreatures/dragon.json, patch 9: Unmet DependsOn condition (fantasycreatures)
14.9.2025 21:22:33.580 [VerboseDebug] Patch file combatoverhaul:patches/compatibility/fantasycreatures/dragon.json, patch 10: Unmet DependsOn condition (fantasycreatures)
14.9.2025 21:22:33.580 [VerboseDebug] Patch file combatoverhaul:patches/compatibility/fantasycreatures/dragon.json, patch 11: Unmet DependsOn condition (fantasycreatures)
14.9.2025 21:22:33.580 [VerboseDebug] Patch file combatoverhaul:patches/compatibility/fantasycreatures/dragon.json, patch 12: Unmet DependsOn condition (fantasycreatures)
14.9.2025 21:22:33.580 [VerboseDebug] Patch file combatoverhaul:patches/compatibility/fantasycreatures/dragon.json, patch 13: Unmet DependsOn condition (fantasycreatures)
14.9.2025 21:22:33.581 [VerboseDebug] Patch file combatoverhaul:patches/compatibility/fantasycreatures/ent-shepherd.json, patch 0: Unmet DependsOn condition (fantasycreatures)
14.9.2025 21:22:33.581 [VerboseDebug] Patch file combatoverhaul:patches/compatibility/fantasycreatures/ent-shepherd.json, patch 1: Unmet DependsOn condition (fantasycreatures)
14.9.2025 21:22:33.581 [VerboseDebug] Patch file combatoverhaul:patches/compatibility/fantasycreatures/ent-shepherd.json, patch 2: Unmet DependsOn condition (fantasycreatures)
14.9.2025 21:22:33.581 [VerboseDebug] Patch file combatoverhaul:patches/compatibility/fantasycreatures/ent-shepherd.json, patch 3: Unmet DependsOn condition (fantasycreatures)
14.9.2025 21:22:33.581 [VerboseDebug] Patch file combatoverhaul:patches/compatibility/fantasycreatures/ent-shepherd.json, patch 4: Unmet DependsOn condition (fantasycreatures)
14.9.2025 21:22:33.581 [VerboseDebug] Patch file combatoverhaul:patches/compatibility/fantasycreatures/ent-shepherd.json, patch 5: Unmet DependsOn condition (fantasycreatures)
14.9.2025 21:22:33.581 [VerboseDebug] Patch file combatoverhaul:patches/compatibility/fantasycreatures/lonehuntergoblin.json, patch 0: Unmet DependsOn condition (fantasycreatures)
14.9.2025 21:22:33.581 [VerboseDebug] Patch file combatoverhaul:patches/compatibility/fantasycreatures/lonehuntergoblin.json, patch 1: Unmet DependsOn condition (fantasycreatures)
14.9.2025 21:22:33.581 [VerboseDebug] Patch file combatoverhaul:patches/compatibility/fantasycreatures/lonehuntergoblin.json, patch 2: Unmet DependsOn condition (fantasycreatures)
14.9.2025 21:22:33.581 [VerboseDebug] Patch file combatoverhaul:patches/compatibility/fantasycreatures/lonehuntergoblin.json, patch 3: Unmet DependsOn condition (fantasycreatures)
14.9.2025 21:22:33.581 [VerboseDebug] Patch file combatoverhaul:patches/compatibility/fantasycreatures/lonehuntergoblin.json, patch 4: Unmet DependsOn condition (fantasycreatures)
14.9.2025 21:22:33.581 [VerboseDebug] Patch file combatoverhaul:patches/compatibility/fantasycreatures/lonehuntergoblin.json, patch 5: Unmet DependsOn condition (fantasycreatures)
14.9.2025 21:22:33.581 [VerboseDebug] Patch file combatoverhaul:patches/compatibility/fantasycreatures/ork.json, patch 0: Unmet DependsOn condition (fantasycreatures)
14.9.2025 21:22:33.581 [VerboseDebug] Patch file combatoverhaul:patches/compatibility/fantasycreatures/ork.json, patch 1: Unmet DependsOn condition (fantasycreatures)
14.9.2025 21:22:33.581 [VerboseDebug] Patch file combatoverhaul:patches/compatibility/fantasycreatures/ork.json, patch 2: Unmet DependsOn condition (fantasycreatures)
14.9.2025 21:22:33.581 [VerboseDebug] Patch file combatoverhaul:patches/compatibility/fantasycreatures/ork.json, patch 3: Unmet DependsOn condition (fantasycreatures)
14.9.2025 21:22:33.581 [VerboseDebug] Patch file combatoverhaul:patches/compatibility/fantasycreatures/ork.json, patch 4: Unmet DependsOn condition (fantasycreatures)
14.9.2025 21:22:33.581 [VerboseDebug] Patch file combatoverhaul:patches/compatibility/fantasycreatures/ork.json, patch 5: Unmet DependsOn condition (fantasycreatures)
14.9.2025 21:22:33.581 [VerboseDebug] Patch file combatoverhaul:patches/compatibility/fantasycreatures/skeleton.json, patch 0: Unmet DependsOn condition (fantasycreatures)
14.9.2025 21:22:33.581 [VerboseDebug] Patch file combatoverhaul:patches/compatibility/fantasycreatures/skeleton.json, patch 1: Unmet DependsOn condition (fantasycreatures)
14.9.2025 21:22:33.581 [VerboseDebug] Patch file combatoverhaul:patches/compatibility/fantasycreatures/skeleton.json, patch 2: Unmet DependsOn condition (fantasycreatures)
14.9.2025 21:22:33.581 [VerboseDebug] Patch file combatoverhaul:patches/compatibility/fantasycreatures/skeleton.json, patch 3: Unmet DependsOn condition (fantasycreatures)
14.9.2025 21:22:33.581 [VerboseDebug] Patch file combatoverhaul:patches/compatibility/fantasycreatures/skeleton.json, patch 4: Unmet DependsOn condition (fantasycreatures)
14.9.2025 21:22:33.581 [VerboseDebug] Patch file combatoverhaul:patches/compatibility/fantasycreatures/skeleton.json, patch 5: Unmet DependsOn condition (fantasycreatures)
14.9.2025 21:22:33.581 [VerboseDebug] Patch file combatoverhaul:patches/compatibility/fantasycreatures/skeleton.json, patch 6: Unmet DependsOn condition (fantasycreatures)
14.9.2025 21:22:33.581 [VerboseDebug] Patch file combatoverhaul:patches/compatibility/fantasycreatures/skeleton.json, patch 7: Unmet DependsOn condition (fantasycreatures)
14.9.2025 21:22:33.581 [VerboseDebug] Patch file combatoverhaul:patches/compatibility/fantasycreatures/skeleton.json, patch 8: Unmet DependsOn condition (fantasycreatures)
14.9.2025 21:22:33.581 [VerboseDebug] Patch file combatoverhaul:patches/compatibility/fantasycreatures/skeleton.json, patch 9: Unmet DependsOn condition (fantasycreatures)
14.9.2025 21:22:33.581 [VerboseDebug] Patch file combatoverhaul:patches/compatibility/fantasycreatures/skeleton.json, patch 10: Unmet DependsOn condition (fantasycreatures)
14.9.2025 21:22:33.581 [VerboseDebug] Patch file combatoverhaul:patches/compatibility/fantasycreatures/skeleton.json, patch 11: Unmet DependsOn condition (fantasycreatures)
14.9.2025 21:22:33.581 [VerboseDebug] Patch file combatoverhaul:patches/compatibility/fantasycreatures/skeleton.json, patch 12: Unmet DependsOn condition (fantasycreatures)
14.9.2025 21:22:33.581 [VerboseDebug] Patch file combatoverhaul:patches/compatibility/fantasycreatures/skeleton.json, patch 13: Unmet DependsOn condition (fantasycreatures)
14.9.2025 21:22:33.581 [VerboseDebug] Patch file combatoverhaul:patches/compatibility/fantasycreatures/skeleton.json, patch 14: Unmet DependsOn condition (fantasycreatures)
14.9.2025 21:22:33.581 [VerboseDebug] Patch file combatoverhaul:patches/compatibility/fantasycreatures/skeleton.json, patch 15: Unmet DependsOn condition (fantasycreatures)
14.9.2025 21:22:33.581 [VerboseDebug] Patch file combatoverhaul:patches/compatibility/fantasycreatures/skeleton.json, patch 16: Unmet DependsOn condition (fantasycreatures)
14.9.2025 21:22:33.581 [VerboseDebug] Patch file combatoverhaul:patches/compatibility/fantasycreatures/skeleton.json, patch 17: Unmet DependsOn condition (fantasycreatures)
14.9.2025 21:22:33.581 [VerboseDebug] Patch file combatoverhaul:patches/compatibility/fantasycreatures/skeleton.json, patch 18: Unmet DependsOn condition (fantasycreatures)
14.9.2025 21:22:33.581 [VerboseDebug] Patch file combatoverhaul:patches/compatibility/fantasycreatures/skeleton.json, patch 19: Unmet DependsOn condition (fantasycreatures)
14.9.2025 21:22:33.581 [VerboseDebug] Patch file combatoverhaul:patches/compatibility/fantasycreatures/skeleton.json, patch 20: Unmet DependsOn condition (fantasycreatures)
14.9.2025 21:22:33.581 [VerboseDebug] Patch file combatoverhaul:patches/compatibility/fantasycreatures/skeleton.json, patch 21: Unmet DependsOn condition (fantasycreatures)
14.9.2025 21:22:33.581 [VerboseDebug] Patch file combatoverhaul:patches/compatibility/fantasycreatures/skeleton.json, patch 22: Unmet DependsOn condition (fantasycreatures)
14.9.2025 21:22:33.581 [VerboseDebug] Patch file combatoverhaul:patches/compatibility/fantasycreatures/skeleton.json, patch 23: Unmet DependsOn condition (fantasycreatures)
14.9.2025 21:22:33.581 [VerboseDebug] Patch file combatoverhaul:patches/compatibility/fantasycreatures/slime.json, patch 0: Unmet DependsOn condition (fantasycreatures)
14.9.2025 21:22:33.581 [VerboseDebug] Patch file combatoverhaul:patches/compatibility/fantasycreatures/slime.json, patch 1: Unmet DependsOn condition (fantasycreatures)
14.9.2025 21:22:33.581 [VerboseDebug] Patch file combatoverhaul:patches/compatibility/fantasycreatures/slime.json, patch 2: Unmet DependsOn condition (fantasycreatures)
14.9.2025 21:22:33.581 [VerboseDebug] Patch file combatoverhaul:patches/compatibility/fantasycreatures/slime.json, patch 3: Unmet DependsOn condition (fantasycreatures)
14.9.2025 21:22:33.581 [VerboseDebug] Patch file combatoverhaul:patches/compatibility/fantasycreatures/slime.json, patch 4: Unmet DependsOn condition (fantasycreatures)
14.9.2025 21:22:33.581 [VerboseDebug] Patch file combatoverhaul:patches/compatibility/fantasycreatures/slime.json, patch 5: Unmet DependsOn condition (fantasycreatures)
14.9.2025 21:22:33.581 [VerboseDebug] Patch file combatoverhaul:patches/compatibility/fantasycreatures/treant.json, patch 0: Unmet DependsOn condition (fantasycreatures)
14.9.2025 21:22:33.581 [VerboseDebug] Patch file combatoverhaul:patches/compatibility/fantasycreatures/treant.json, patch 1: Unmet DependsOn condition (fantasycreatures)
14.9.2025 21:22:33.581 [VerboseDebug] Patch file combatoverhaul:patches/compatibility/fantasycreatures/treant.json, patch 2: Unmet DependsOn condition (fantasycreatures)
14.9.2025 21:22:33.581 [VerboseDebug] Patch file combatoverhaul:patches/compatibility/fantasycreatures/treant.json, patch 3: Unmet DependsOn condition (fantasycreatures)
14.9.2025 21:22:33.581 [VerboseDebug] Patch file combatoverhaul:patches/compatibility/fantasycreatures/treant.json, patch 4: Unmet DependsOn condition (fantasycreatures)
14.9.2025 21:22:33.581 [VerboseDebug] Patch file combatoverhaul:patches/compatibility/fantasycreatures/treant.json, patch 5: Unmet DependsOn condition (fantasycreatures)
14.9.2025 21:22:33.687 [VerboseDebug] Patch file combatoverhaul:patches/entities/animals/sheep-bighorn.json, patch 5: Unmet DependsOn condition (improvedsheep)
14.9.2025 21:22:33.688 [VerboseDebug] Patch file combatoverhaul:patches/entities/animals/sheep-bighorn.json, patch 10: Unmet DependsOn condition (improvedsheep)
14.9.2025 21:22:38.584 [VerboseDebug] Patch file visorhelmets:patches/recipes/armor.json, patch 2: Unmet DependsOn condition (!combatoverhaul)
14.9.2025 21:22:38.610 [VerboseDebug] Patchloader finished
14.9.2025 21:22:38.640 [VerboseDebug] Starting to gather blocktypes, itemtypes and entities
14.9.2025 21:22:38.754 [VerboseDebug] Starting parsing ItemTypes in 8 threads
14.9.2025 21:22:39.085 [VerboseDebug] Gathered all types, starting to load items
14.9.2025 21:22:40.259 [VerboseDebug] Parsed and loaded items
14.9.2025 21:22:41.360 [VerboseDebug] Parsed and loaded blocks
14.9.2025 21:22:41.378 [VerboseDebug] Parsed and loaded entities
14.9.2025 21:22:41.379 [VerboseDebug] Loaded 12 entity tags from 'game' domain: state-swimming, state-feet-in-liquid, state-flying, state-on-ground, state-moving, state-alive, state-aiming, state-sprinting, state-sneaking, state-armed, state-armed-melee, state-armed-ranged
14.9.2025 21:22:41.379 [VerboseDebug] Loaded 4 item tags from 'game' domain: weapon, weapon-melee, weapon-ranged, has-open-fire
14.9.2025 21:22:41.379 [VerboseDebug] Loaded 1 block tags from 'game' domain: has-open-fire
14.9.2025 21:22:41.381 [VerboseDebug] BlockID Remapper: Begin
14.9.2025 21:22:41.402 [VerboseDebug] 17071 block IDs loaded from savegame.
14.9.2025 21:22:41.404 [VerboseDebug] Max BlockID is 17070
14.9.2025 21:22:41.406 [VerboseDebug] Found 0 blocks requiring remapping and 0 new blocks
14.9.2025 21:22:41.406 [VerboseDebug] Remapped 0 new blockids
14.9.2025 21:22:41 [Debug] Found 0 missing blocks
14.9.2025 21:22:41 [Debug] Block IDs have been written to savegame. Saved max BlockID was 17070
14.9.2025 21:22:41 [Debug] ItemID Remapper: Begin
14.9.2025 21:22:41 [Debug] Item IDs loaded from savegame.
14.9.2025 21:22:41 [Debug] Found 0 Item requiring remapping
14.9.2025 21:22:41 [Debug] Remapped 0 new Itemids
14.9.2025 21:22:41 [Debug] Found 0 missing Items
14.9.2025 21:22:41 [Debug] Item IDs have been written to savegame
14.9.2025 21:22:41.852 [VerboseDebug] Block simulation resolving collectibles
14.9.2025 21:22:41.866 [VerboseDebug] Resolved blocks stacks
14.9.2025 21:22:41.867 [VerboseDebug] Resolved items stacks
14.9.2025 21:22:41.868 [VerboseDebug] Entering runphase AssetsFinalize
14.9.2025 21:22:42.235 [VerboseDebug] Entering runphase LoadGamePre
14.9.2025 21:22:42.235 [VerboseDebug] Starting system: Core
14.9.2025 21:22:42.235 [VerboseDebug] Starting system: EntityPartitioning
14.9.2025 21:22:42.235 [VerboseDebug] Starting system: ErrorReporter
14.9.2025 21:22:42.236 [VerboseDebug] Starting system: EnchantingConfigLoader
14.9.2025 21:22:42.236 [VerboseDebug] Starting system: GenTerra
14.9.2025 21:22:42.236 [VerboseDebug] Starting system: GenSnowLayer
14.9.2025 21:22:42.236 [VerboseDebug] Starting system: ModSystemControlPoints
14.9.2025 21:22:42.236 [VerboseDebug] Starting system: Core
14.9.2025 21:22:42.236 [VerboseDebug] Starting system: SurvivalCoreSystem
14.9.2025 21:22:42.237 [VerboseDebug] Starting system: GenTerraPostProcess
14.9.2025 21:22:42.237 [VerboseDebug] Starting system: ModCompatiblityUtil
14.9.2025 21:22:42.237 [VerboseDebug] Starting system: ModJsonPatchLoader
14.9.2025 21:22:42.237 [VerboseDebug] Starting system: CombatOverhaulSystem
14.9.2025 21:22:42.237 [VerboseDebug] Starting system: CombatOverhaulAnimationsSystem
14.9.2025 21:22:42.241 [VerboseDebug] Starting system: NightVisionSystem
14.9.2025 21:22:42.241 [VerboseDebug] Starting system: SprintMomentumMod
14.9.2025 21:22:42.263 [VerboseDebug] Starting system: FluffyCloudsModSystem
14.9.2025 21:22:42.263 [VerboseDebug] Starting system: PathfindSystem
14.9.2025 21:22:42.263 [VerboseDebug] Starting system: PathFindDebug
14.9.2025 21:22:42.263 [VerboseDebug] Starting system: PathfindingAsync
14.9.2025 21:22:42.263 [VerboseDebug] Starting system: JsonExport
14.9.2025 21:22:42.263 [VerboseDebug] Starting system: ModBasicBlocksLoader
14.9.2025 21:22:42.263 [VerboseDebug] Starting system: AiRuntimeConfig
14.9.2025 21:22:42.263 [VerboseDebug] Starting system: ModSystemSyncHarvestableDropsToClient
14.9.2025 21:22:42.263 [VerboseDebug] Starting system: ModSystemEmotes
14.9.2025 21:22:42.263 [VerboseDebug] Starting system: LeafBlockDecay
14.9.2025 21:22:42.263 [VerboseDebug] Starting system: POIRegistry
14.9.2025 21:22:42.263 [VerboseDebug] Starting system: RoomRegistry
14.9.2025 21:22:42.264 [VerboseDebug] Starting system: WeatherSystemCommands
14.9.2025 21:22:42.264 [VerboseDebug] Starting system: WeatherSystemServer
14.9.2025 21:22:42.278 [VerboseDebug] Starting system: WorldMapManager
14.9.2025 21:22:42.278 [VerboseDebug] Starting system: BullseyeSystem
14.9.2025 21:22:42.278 [VerboseDebug] Starting system: CombatOverhaulAdditionalSystem
14.9.2025 21:22:42.278 [VerboseDebug] Starting system: KemonoMod
14.9.2025 21:22:42.278 [VerboseDebug] Starting system: EnchantmentsLoader
14.9.2025 21:22:42.278 [VerboseDebug] Starting system: KRPGEnchantmentSystem
14.9.2025 21:22:42.279 [VerboseDebug] Starting system: CrossbowsModSystem
14.9.2025 21:22:42.279 [VerboseDebug] Starting system: FirearmsModSystem
14.9.2025 21:22:42.279 [VerboseDebug] Starting system: FeatureToggleSystem
14.9.2025 21:22:42.279 [VerboseDebug] Starting system: MedievalExpansionMod
14.9.2025 21:22:42.281 [VerboseDebug] Starting system: PartyRaidSystemMain
14.9.2025 21:22:42.282 [VerboseDebug] Starting system: VisorActionsNetwork
14.9.2025 21:22:42.282 [VerboseDebug] Starting system: WorldEdit
14.9.2025 21:22:42.284 [VerboseDebug] Starting system: StoryLockableDoor
14.9.2025 21:22:42.284 [VerboseDebug] Starting system: StoryGenFailedSystem
14.9.2025 21:22:42.284 [VerboseDebug] Starting system: UpgradeTasks
14.9.2025 21:22:42.284 [VerboseDebug] Starting system: ChiselBlockBulkSetMaterial
14.9.2025 21:22:42.285 [VerboseDebug] Starting system: ModSystemDetailModeSync
14.9.2025 21:22:42.285 [VerboseDebug] Starting system: NpcControl
14.9.2025 21:22:42.285 [VerboseDebug] Starting system: ModSystemTiledDungeonGenerator
14.9.2025 21:22:42.285 [VerboseDebug] Starting system: GenFromHeightmap
14.9.2025 21:22:42.285 [VerboseDebug] Starting system: GenMaps
14.9.2025 21:22:42.286 [VerboseDebug] Starting system: GenRockStrataNew
14.9.2025 21:22:42.286 [VerboseDebug] Starting system: GenHotSprings
14.9.2025 21:22:42.286 [VerboseDebug] Starting system: GenCreatures
14.9.2025 21:22:42.286 [VerboseDebug] Starting system: ModSystemExplosionAffectedStability
14.9.2025 21:22:42.286 [VerboseDebug] Starting system: MyceliumSystem
14.9.2025 21:22:42.286 [VerboseDebug] Starting system: ModsystemButterflySpawnCondsExtra
14.9.2025 21:22:42.286 [VerboseDebug] Starting system: ModSystemCatchCreature
14.9.2025 21:22:42.286 [VerboseDebug] Starting system: ModSystemGliding
14.9.2025 21:22:42.286 [VerboseDebug] Starting system: ModSystemSwoopDev
14.9.2025 21:22:42.286 [VerboseDebug] Starting system: Timeswitch
14.9.2025 21:22:42.286 [VerboseDebug] Starting system: ClutterBookshelfUtil
14.9.2025 21:22:42.286 [VerboseDebug] Starting system: ScreenshakeToClientModSystem
14.9.2025 21:22:42.286 [VerboseDebug] Starting system: ModSystemResoArchiveCommands
14.9.2025 21:22:42.287 [VerboseDebug] Starting system: StoryStructuresSpawnConditions
14.9.2025 21:22:42.287 [VerboseDebug] Starting system: ModSystemNPCHairStyling
14.9.2025 21:22:42.287 [VerboseDebug] Starting system: ModSystemSkinnableAdditions
14.9.2025 21:22:42.287 [VerboseDebug] Starting system: ModSystemVillagerDebug
14.9.2025 21:22:42.287 [VerboseDebug] Starting system: ModSystemAuction
14.9.2025 21:22:42.287 [VerboseDebug] Starting system: ModSystemBlockReinforcement
14.9.2025 21:22:42.287 [VerboseDebug] Starting system: Core
14.9.2025 21:22:42.287 [VerboseDebug] Starting system: ModSystemBoatingSoundAndRatlineStamina
14.9.2025 21:22:42.287 [VerboseDebug] Starting system: CharacterSystem
14.9.2025 21:22:42.288 [VerboseDebug] Starting system: VariablesModSystem
14.9.2025 21:22:42.288 [VerboseDebug] Starting system: ModsystemElevator
14.9.2025 21:22:42.288 [VerboseDebug] Starting system: ActivityModSystem
14.9.2025 21:22:42.288 [VerboseDebug] Starting system: ActivityEditorSystem
14.9.2025 21:22:42.288 [VerboseDebug] Starting system: FruitingSystem
14.9.2025 21:22:42.288 [VerboseDebug] Starting system: ModSystemCommandHandbook
14.9.2025 21:22:42.288 [VerboseDebug] Starting system: ModSystemTutorial
14.9.2025 21:22:42.288 [VerboseDebug] Starting system: ModSystemCorpseReturnTeleporter
14.9.2025 21:22:42.288 [VerboseDebug] Starting system: ModSystemNightVision
14.9.2025 21:22:42.288 [VerboseDebug] Starting system: TobiasTeleporter
14.9.2025 21:22:42.288 [VerboseDebug] Starting system: ModJournal
14.9.2025 21:22:42.288 [VerboseDebug] Starting system: LiquidItemStackRenderer
14.9.2025 21:22:42.288 [VerboseDebug] Starting system: ModSystemStructureLocator
14.9.2025 21:22:42.288 [VerboseDebug] Starting system: ModLootRandomizer
14.9.2025 21:22:42.288 [VerboseDebug] Starting system: ModSystemEntityOwnership
14.9.2025 21:22:42.289 [VerboseDebug] Starting system: ModSystemRifts
14.9.2025 21:22:42.289 [VerboseDebug] Starting system: ModSystemRiftWeather
14.9.2025 21:22:42.290 [VerboseDebug] Starting system: ModSleeping
14.9.2025 21:22:42.290 [VerboseDebug] Starting system: ModSystemSupportBeamPlacer
14.9.2025 21:22:42.290 [VerboseDebug] Starting system: TeleporterManager
14.9.2025 21:22:42.290 [VerboseDebug] Starting system: ModTemperature
14.9.2025 21:22:42.290 [VerboseDebug] Starting system: SystemTemporalStability
14.9.2025 21:22:42.290 [VerboseDebug] Starting system: TemporalStabilityEffects
14.9.2025 21:22:42.290 [VerboseDebug] Starting system: ModSystemWearableStats
14.9.2025 21:22:42.290 [VerboseDebug] Starting system: ModSystemEditableBook
14.9.2025 21:22:42.290 [VerboseDebug] Starting system: MechanicalPowerMod
14.9.2025 21:22:42.290 [VerboseDebug] Starting system: TpaSystem
14.9.2025 21:22:42.306 [VerboseDebug] Starting system: SleepNotifierSystem
14.9.2025 21:22:42.306 [VerboseDebug] Starting system: SaveNotificationsSystem
14.9.2025 21:22:42.307 [VerboseDebug] Starting system: RepairModSystem
14.9.2025 21:22:42.307 [VerboseDebug] Starting system: RPProximityChatSystem
14.9.2025 21:22:42.308 [VerboseDebug] Starting system: PlayerStatSystem
14.9.2025 21:22:42.310 [VerboseDebug] Starting system: GenDungeons
14.9.2025 21:22:42.333 [VerboseDebug] Starting system: ModRegistryObjectTypeLoader
14.9.2025 21:22:42.333 [VerboseDebug] Starting system: GenDeposits
14.9.2025 21:22:42.333 [VerboseDebug] Starting system: GenStoryStructures
14.9.2025 21:22:42.333 [VerboseDebug] Starting system: LoadColorMaps
14.9.2025 21:22:42.333 [VerboseDebug] Starting system: GenCaves
14.9.2025 21:22:42.333 [VerboseDebug] Starting system: GenStructures
14.9.2025 21:22:42.334 [VerboseDebug] Starting system: WgenCommands
14.9.2025 21:22:42.334 [VerboseDebug] Starting system: GenDevastationLayer
14.9.2025 21:22:42.335 [VerboseDebug] Starting system: ClothManager
14.9.2025 21:22:42.335 [VerboseDebug] Starting system: GenBlockLayersFlat
14.9.2025 21:22:42.335 [VerboseDebug] Starting system: GenBlockLayers
14.9.2025 21:22:42.335 [VerboseDebug] Starting system: GenPonds
14.9.2025 21:22:42.335 [VerboseDebug] Starting system: GenStructuresPosPass
14.9.2025 21:22:42.335 [VerboseDebug] Starting system: GenVegetationAndPatches
14.9.2025 21:22:42.335 [VerboseDebug] Starting system: RecipeRegistrySystem
14.9.2025 21:22:42.335 [VerboseDebug] Starting system: GenRivulets
14.9.2025 21:22:42.335 [VerboseDebug] Starting system: GenLightCreative
14.9.2025 21:22:42.335 [VerboseDebug] Starting system: GenLightSurvival
14.9.2025 21:22:42.335 [VerboseDebug] Starting system: GridRecipeLoader
14.9.2025 21:22:42.335 [VerboseDebug] Starting system: KRPGCommandSystem
14.9.2025 21:22:42.335 [VerboseDebug] Starting system: RecipeLoader
14.9.2025 21:22:42.335 [VerboseDebug] Starting system: ModSystemFireFromLightning
14.9.2025 21:22:42.335 [VerboseDebug] Starting system: ModSystemOreMap
14.9.2025 21:22:42.335 [VerboseDebug] Starting system: ModSystemSnowballs
14.9.2025 21:22:42.335 [VerboseDebug] Starting system: HumanoidOutfits
14.9.2025 21:22:42.335 [VerboseDebug] Starting system: ModSystemDevastationEffects
14.9.2025 21:22:42.335 [VerboseDebug] Starting system: DisableRecipeRegisteringSystem
14.9.2025 21:22:42.344 [VerboseDebug] Entity shape loading starting ...
14.9.2025 21:22:42.960 [VerboseDebug] Entity shape loading completed
14.9.2025 21:22:42 [Debug] Loading leaf block decay system
14.9.2025 21:22:42 [Debug] Finished loading leaf block decay system
14.9.2025 21:22:43 [Debug] Block simulation loaded blocks
14.9.2025 21:22:43.195 [VerboseDebug] Initialised GenRockStrata
14.9.2025 21:22:43 [Debug] Block simulation loaded items
14.9.2025 21:22:43.275 [VerboseDebug] Entering runphase GameReady
14.9.2025 21:22:43.277 [VerboseDebug] Entering runphase WorldReady
14.9.2025 21:22:43.281 [VerboseDebug] Starting to build server assets packet
14.9.2025 21:22:43.281 [VerboseDebug] Init worldgen for GenMaps
14.9.2025 21:22:43.295 [VerboseDebug] Init worldgen for GenCaves
14.9.2025 21:22:43.296 [VerboseDebug] Init worldgen for GenBlockLayers
14.9.2025 21:22:43.296 [VerboseDebug] Init worldgen for GenVegetationAndPatches
14.9.2025 21:22:43.308 [VerboseDebug] Done all worldgens
14.9.2025 21:22:43.310 [VerboseDebug] Starting area loading/generation: columns 49, total queue length 49
14.9.2025 21:22:43.343 [VerboseDebug] Initialised GenDeposits
14.9.2025 21:22:43.354 [VerboseDebug] Completed area loading/generation
14.9.2025 21:22:43.369 [VerboseDebug] Done spawn chunk
14.9.2025 21:22:43.369 [VerboseDebug] Entering runphase RunGame
14.9.2025 21:22:43.950 [VerboseDebug] Finished building server assets packet
14.9.2025 21:22:43.951 [VerboseDebug] Single player: sent server assets packet to client
14.9.2025 21:22:51.781 [VerboseDebug] Received identification packet from Doos
14.9.2025 21:22:51 [Debug] UDP: Client 1 did send UDP
14.9.2025 21:22:52.184 [VerboseDebug] HandleRequestJoin: Begin. Player: Doos
14.9.2025 21:22:52.184 [VerboseDebug] HandleRequestJoin: Before set name
14.9.2025 21:22:52.185 [VerboseDebug] HandleRequestJoin: After Level initialize
14.9.2025 21:22:52.203 [VerboseDebug] HandleRequestJoin: After broadcastplayerdata. hotbarslot: Vintagestory.API.Common.ItemSlotSurvival
14.9.2025 21:22:52.203 [VerboseDebug] HandleRequestJoin: After LevelFinalize
14.9.2025 21:22:53 [Debug] THEBASICS - Received ready message from Doos, sending config
14.9.2025 21:22:53 [Debug] THEBASICS - Sent complete config to client Doos
14.9.2025 21:23:05.004 [VerboseDebug] Entering runphase Shutdown
